<?xml version="1.0" encoding="UTF-8"?>
<!-- Generated by org.testng.reporters.JUnitReportReporter -->
<testsuite hostname="Tutus-MacBook-Air.local" failures="0" tests="7" name="TestCases" time="359.397" errors="0" timestamp="2023-05-14T20:56:24 GST" skipped="0">
  <testcase classname="TestCases" name="RandomSearchItems" time="9.335"/>
  <system-out/>
  <testcase classname="TestCases" name="Login" time="21.210"/>
  <system-out/>
  <testcase classname="TestCases" name="AddItemsToCart" time="66.878"/>
  <system-out/>
  <testcase classname="TestCases" name="ShippingAddressInfo" time="18.466"/>
  <system-out/>
  <testcase classname="TestCases" name="CheckFinalPrice" time="21.259"/>
  <system-out/>
  <testcase classname="TestCases" name="Reorder" time="218.044"/>
  <system-out/>
  <testcase classname="TestCases" name="CheckInvoices" time="4.205"/>
  <system-out/>
</testsuite> <!-- TestCases -->
